Auth: user=admin (set DASHBOARD_USER/DASHBOARD_PASS env to change)
Port: 8081 (override with DASHBOARD_PORT or PORT)
Dashboard: http://localhost:8081/dashboard/index.html
Serving from: /workspace/NoCap-Test
Press Ctrl+C to stop
----------------------------------------
Exception occurred during processing of request from ('127.0.0.1', 44460)
Traceback (most recent call last):
  File "/venv/main/lib/python3.12/socketserver.py", line 697, in process_request_thread
    self.finish_request(request, client_address)
  File "/venv/main/lib/python3.12/socketserver.py", line 362, in finish_request
    self.RequestHandlerClass(request, client_address, self)
  File "/workspace/NoCap-Test/dashboard/serve.py", line 135, in __init__
    super().__init__(*args, directory=SERVE_DIR, **kwargs)
  File "/venv/main/lib/python3.12/http/server.py", line 672, in __init__
    super().__init__(*args, **kwargs)
  File "/venv/main/lib/python3.12/socketserver.py", line 766, in __init__
    self.handle()
  File "/venv/main/lib/python3.12/http/server.py", line 436, in handle
    self.handle_one_request()
  File "/venv/main/lib/python3.12/http/server.py", line 424, in handle_one_request
    method()
  File "/workspace/NoCap-Test/dashboard/serve.py", line 199, in do_GET
    self.wfile.write(json.dumps(get_system_stats()).encode())
  File "/venv/main/lib/python3.12/socketserver.py", line 845, in write
    self._sock.sendall(b)
BrokenPipeError: [Errno 32] Broken pipe
----------------------------------------
--------------------------------------------------------------------------------

Exception occurred during processing of request from Exception occurred during processing of request from ('127.0.0.1', 44474)
('127.0.0.1', 44436)
Traceback (most recent call last):
Traceback (most recent call last):
  File "/venv/main/lib/python3.12/socketserver.py", line 697, in process_request_thread
    self.finish_request(request, client_address)
  File "/venv/main/lib/python3.12/socketserver.py", line 697, in process_request_thread
    self.finish_request(request, client_address)
  File "/venv/main/lib/python3.12/socketserver.py", line 362, in finish_request
    self.RequestHandlerClass(request, client_address, self)
  File "/workspace/NoCap-Test/dashboard/serve.py", line 135, in __init__
    super().__init__(*args, directory=SERVE_DIR, **kwargs)
  File "/venv/main/lib/python3.12/http/server.py", line 672, in __init__
    super().__init__(*args, **kwargs)
  File "/venv/main/lib/python3.12/socketserver.py", line 362, in finish_request
    self.RequestHandlerClass(request, client_address, self)
  File "/venv/main/lib/python3.12/socketserver.py", line 766, in __init__
    self.handle()
  File "/venv/main/lib/python3.12/http/server.py", line 436, in handle
    self.handle_one_request()
  File "/workspace/NoCap-Test/dashboard/serve.py", line 135, in __init__
    super().__init__(*args, directory=SERVE_DIR, **kwargs)
  File "/venv/main/lib/python3.12/http/server.py", line 424, in handle_one_request
    method()
  File "/workspace/NoCap-Test/dashboard/serve.py", line 199, in do_GET
    self.wfile.write(json.dumps(get_system_stats()).encode())
  File "/venv/main/lib/python3.12/http/server.py", line 672, in __init__
    super().__init__(*args, **kwargs)
  File "/venv/main/lib/python3.12/socketserver.py", line 845, in write
    self._sock.sendall(b)
BrokenPipeError: [Errno 32] Broken pipe
----------------------------------------
  File "/venv/main/lib/python3.12/socketserver.py", line 766, in __init__
    self.handle()
  File "/venv/main/lib/python3.12/http/server.py", line 436, in handle
    self.handle_one_request()
  File "/venv/main/lib/python3.12/http/server.py", line 424, in handle_one_request
    method()
  File "/workspace/NoCap-Test/dashboard/serve.py", line 199, in do_GET
    self.wfile.write(json.dumps(get_system_stats()).encode())
  File "/venv/main/lib/python3.12/socketserver.py", line 845, in write
    self._sock.sendall(b)
BrokenPipeError: [Errno 32] Broken pipe
----------------------------------------
